<?xml version="1.0" encoding="UTF-8"?>
<!-- Generated by org.testng.reporters.JUnitXMLReporter -->
<testsuite ignored="0" hostname="LAPTOP-G516L4OI" failures="0" tests="4" name="Test" time="0.053" errors="0" timestamp="2021-12-25T08:01:38 IST">
  <testcase classname="CKMN.Appium" name="AndroidApi" time="0.012"/>
  <testcase classname="CKMN.Appium" name="IOSApi" time="0.001"/>
  <testcase classname="CKMN.RestAPI" name="PostJira" time="0.001"/>
  <testcase classname="CKMN.RestAPI" name="TwitterDelete" time="0.001"/>
</testsuite> <!-- Test -->
