<?xml version="1.0" encoding="UTF-8"?>
<!-- Generated by org.testng.reporters.JUnitXMLReporter -->
<testsuite ignored="0" hostname="LAPTOP-G516L4OI" failures="0" tests="6" name="Test" time="0.058" errors="0" timestamp="2022-01-14T20:31:56 IST">
  <testcase classname="CKMN.Appium" name="AndroidApi" time="0.008"/>
  <testcase classname="CKMN.Appium" name="IOSApi" time="0.0"/>
  <testcase classname="CKMN.RestAPI" name="PostJira" time="0.0"/>
  <testcase classname="CKMN.RestAPI" name="TwitterDelete" time="0.0"/>
  <testcase classname="CKMN.Selenium" name="BrowserAutomation" time="0.0"/>
  <testcase classname="CKMN.Selenium" name="ElementUI" time="0.0"/>
</testsuite> <!-- Test -->
