<?xml version="1.0" encoding="UTF-8"?>
<testng-results ignored="0" total="6" passed="6" failed="0" skipped="0">
  <reporter-output>
  </reporter-output>
  <suite started-at="2022-01-14T20:31:56 IST" name="Suite" finished-at="2022-01-14T20:31:56 IST" duration-ms="58">
    <groups>
    </groups>
    <test started-at="2022-01-14T20:31:56 IST" name="Test" finished-at="2022-01-14T20:31:56 IST" duration-ms="58">
      <class name="CKMN.Selenium">
        <test-method signature="BrowserAutomation()[pri:0, instance:CKMN.Selenium@662b4c69]" started-at="2022-01-14T20:31:56 IST" name="BrowserAutomation" finished-at="2022-01-14T20:31:56 IST" duration-ms="0" status="PASS">
          <reporter-output>
          </reporter-output>
        </test-method> <!-- BrowserAutomation -->
        <test-method signature="ElementUI()[pri:0, instance:CKMN.Selenium@662b4c69]" started-at="2022-01-14T20:31:56 IST" name="ElementUI" finished-at="2022-01-14T20:31:56 IST" duration-ms="0" status="PASS">
          <reporter-output>
          </reporter-output>
        </test-method> <!-- ElementUI -->
      </class> <!-- CKMN.Selenium -->
      <class name="CKMN.RestAPI">
        <test-method signature="PostJira()[pri:0, instance:CKMN.RestAPI@fba92d3]" started-at="2022-01-14T20:31:56 IST" name="PostJira" finished-at="2022-01-14T20:31:56 IST" duration-ms="0" status="PASS">
          <reporter-output>
          </reporter-output>
        </test-method> <!-- PostJira -->
        <test-method signature="TwitterDelete()[pri:0, instance:CKMN.RestAPI@fba92d3]" started-at="2022-01-14T20:31:56 IST" name="TwitterDelete" finished-at="2022-01-14T20:31:56 IST" duration-ms="0" status="PASS">
          <reporter-output>
          </reporter-output>
        </test-method> <!-- TwitterDelete -->
      </class> <!-- CKMN.RestAPI -->
      <class name="CKMN.Appium">
        <test-method signature="AndroidApi()[pri:0, instance:CKMN.Appium@3fb1549b]" started-at="2022-01-14T20:31:56 IST" name="AndroidApi" finished-at="2022-01-14T20:31:56 IST" duration-ms="8" status="PASS">
          <reporter-output>
          </reporter-output>
        </test-method> <!-- AndroidApi -->
        <test-method signature="IOSApi()[pri:0, instance:CKMN.Appium@3fb1549b]" started-at="2022-01-14T20:31:56 IST" name="IOSApi" finished-at="2022-01-14T20:31:56 IST" duration-ms="0" status="PASS">
          <reporter-output>
          </reporter-output>
        </test-method> <!-- IOSApi -->
      </class> <!-- CKMN.Appium -->
    </test> <!-- Test -->
  </suite> <!-- Suite -->
</testng-results>
