<?xml version="1.0" encoding="UTF-8"?>
<testng-results ignored="0" total="4" passed="4" failed="0" skipped="0">
  <reporter-output>
  </reporter-output>
  <suite started-at="2021-12-25T08:01:38 IST" name="Suite" finished-at="2021-12-25T08:01:38 IST" duration-ms="53">
    <groups>
    </groups>
    <test started-at="2021-12-25T08:01:38 IST" name="Test" finished-at="2021-12-25T08:01:38 IST" duration-ms="53">
      <class name="CKMN.RestAPI">
        <test-method signature="PostJira()[pri:0, instance:CKMN.RestAPI@21282ed8]" started-at="2021-12-25T08:01:38 IST" name="PostJira" finished-at="2021-12-25T08:01:38 IST" duration-ms="1" status="PASS">
          <reporter-output>
          </reporter-output>
        </test-method> <!-- PostJira -->
        <test-method signature="TwitterDelete()[pri:0, instance:CKMN.RestAPI@21282ed8]" started-at="2021-12-25T08:01:38 IST" name="TwitterDelete" finished-at="2021-12-25T08:01:38 IST" duration-ms="1" status="PASS">
          <reporter-output>
          </reporter-output>
        </test-method> <!-- TwitterDelete -->
      </class> <!-- CKMN.RestAPI -->
      <class name="CKMN.Appium">
        <test-method signature="AndroidApi()[pri:0, instance:CKMN.Appium@485966cc]" started-at="2021-12-25T08:01:38 IST" name="AndroidApi" finished-at="2021-12-25T08:01:38 IST" duration-ms="12" status="PASS">
          <reporter-output>
          </reporter-output>
        </test-method> <!-- AndroidApi -->
        <test-method signature="IOSApi()[pri:0, instance:CKMN.Appium@485966cc]" started-at="2021-12-25T08:01:38 IST" name="IOSApi" finished-at="2021-12-25T08:01:38 IST" duration-ms="1" status="PASS">
          <reporter-output>
          </reporter-output>
        </test-method> <!-- IOSApi -->
      </class> <!-- CKMN.Appium -->
    </test> <!-- Test -->
  </suite> <!-- Suite -->
</testng-results>
